TN:
SF:F:\code\test_project\src\API\index.js
FN:3,(anonymous_0)
FN:4,(anonymous_1)
FN:9,(anonymous_2)
FN:13,(anonymous_3)
FNF:4
FNH:4
FNDA:1,(anonymous_0)
FNDA:1,(anonymous_1)
FNDA:1,(anonymous_2)
FNDA:1,(anonymous_3)
DA:3,1
DA:4,1
DA:5,1
DA:9,1
DA:10,1
DA:13,1
DA:14,1
LF:7
LH:7
BRF:0
BRH:0
end_of_record
TN:
SF:F:\code\test_project\src\view\index.js
FN:1,testOne
FN:5,testTwo
FNF:2
FNH:2
FNDA:1,testOne
FNDA:1,testTwo
DA:2,1
DA:6,1
LF:2
LH:2
BRDA:2,0,0,1
BRDA:2,0,1,0
BRDA:6,1,0,1
BRDA:6,1,1,0
BRF:4
BRH:2
end_of_record
